# JRE version: OpenJDK Runtime Environment (8.0_242-b01) (build 1.8.0_242-release-1644-b01)
# Java VM: OpenJDK 64-Bit Server VM (25.242-b01 mixed mode windows-amd64 compressed oops)
Heap:
 PSYoungGen      total 658944K, used 387120K [0x00000000d5580000, 0x0000000100000000, 0x0000000100000000)
  eden space 620544K, 61% used [0x00000000d5580000,0x00000000eca3d618,0x00000000fb380000)
  from space 38400K, 14% used [0x00000000fb380000,0x00000000fb8cebc0,0x00000000fd900000)
  to   space 37888K, 0% used [0x00000000fdb00000,0x00000000fdb00000,0x0000000100000000)
 ParOldGen       total 179712K, used 111962K [0x0000000080000000, 0x000000008af80000, 0x00000000d5580000)
  object space 179712K, 62% used [0x0000000080000000,0x0000000086d569f0,0x000000008af80000)
 Metaspace       used 110182K, capacity 116238K, committed 116392K, reserved 1150976K
  class space    used 14075K, capacity 15184K, committed 15280K, reserved 1048576K
GC Heap History (10 events):
Event: 5438.249 GC heap before
{Heap before GC invocations=31 (full 4):
 PSYoungGen      total 536576K, used 505706K [0x00000000d5580000, 0x00000000f8d80000, 0x0000000100000000)
  eden space 500736K, 100% used [0x00000000d5580000,0x00000000f3e80000,0x00000000f3e80000)
  from space 35840K, 13% used [0x00000000f6a80000,0x00000000f6f5a9f0,0x00000000f8d80000)
  to   space 40448K, 0% used [0x00000000f3e80000,0x00000000f3e80000,0x00000000f6600000)
 ParOldGen       total 179712K, used 78809K [0x0000000080000000, 0x000000008af80000, 0x00000000d5580000)
  object space 179712K, 43% used [0x0000000080000000,0x0000000084cf6798,0x000000008af80000)
 Metaspace       used 107276K, capacity 112406K, committed 112552K, reserved 1146880K
  class space    used 13720K, capacity 14684K, committed 14768K, reserved 1048576K
Event: 5438.308 GC heap after
Heap after GC invocations=31 (full 4):
 PSYoungGen      total 541184K, used 23416K [0x00000000d5580000, 0x00000000ff500000, 0x0000000100000000)
  eden space 500736K, 0% used [0x00000000d5580000,0x00000000d5580000,0x00000000f3e80000)
  from space 40448K, 57% used [0x00000000f3e80000,0x00000000f555e338,0x00000000f6600000)
  to   space 40448K, 0% used [0x00000000fcd80000,0x00000000fcd80000,0x00000000ff500000)
 ParOldGen       total 179712K, used 80655K [0x0000000080000000, 0x000000008af80000, 0x00000000d5580000)
  object space 179712K, 44% used [0x0000000080000000,0x0000000084ec3ec8,0x000000008af80000)
 Metaspace       used 107276K, capacity 112406K, committed 112552K, reserved 1146880K
  class space    used 13720K, capacity 14684K, committed 14768K, reserved 1048576K
}
Event: 5500.649 GC heap before
{Heap before GC invocations=32 (full 4):
 PSYoungGen      total 541184K, used 524152K [0x00000000d5580000, 0x00000000ff500000, 0x0000000100000000)
  eden space 500736K, 100% used [0x00000000d5580000,0x00000000f3e80000,0x00000000f3e80000)
  from space 40448K, 57% used [0x00000000f3e80000,0x00000000f555e338,0x00000000f6600000)
  to   space 40448K, 0% used [0x00000000fcd80000,0x00000000fcd80000,0x00000000ff500000)
 ParOldGen       total 179712K, used 80655K [0x0000000080000000, 0x000000008af80000, 0x00000000d5580000)
  object space 179712K, 44% used [0x0000000080000000,0x0000000084ec3ec8,0x000000008af80000)
 Metaspace       used 109547K, capacity 115274K, committed 115624K, reserved 1148928K
  class space    used 14022K, capacity 15098K, committed 15280K, reserved 1048576K
Event: 5500.694 GC heap after
Heap after GC invocations=32 (full 4):
 PSYoungGen      total 627712K, used 22565K [0x00000000d5580000, 0x00000000feb00000, 0x0000000100000000)
  eden space 597504K, 0% used [0x00000000d5580000,0x00000000d5580000,0x00000000f9d00000)
  from space 30208K, 74% used [0x00000000fcd80000,0x00000000fe389430,0x00000000feb00000)
  to   space 39936K, 0% used [0x00000000f9d00000,0x00000000f9d00000,0x00000000fc400000)
 ParOldGen       total 179712K, used 84816K [0x0000000080000000, 0x000000008af80000, 0x00000000d5580000)
  object space 179712K, 47% used [0x0000000080000000,0x00000000852d4038,0x000000008af80000)
 Metaspace       used 109547K, capacity 115274K, committed 115624K, reserved 1148928K
  class space    used 14022K, capacity 15098K, committed 15280K, reserved 1048576K
}
Event: 5501.913 GC heap before
{Heap before GC invocations=33 (full 4):
 PSYoungGen      total 627712K, used 620069K [0x00000000d5580000, 0x00000000feb00000, 0x0000000100000000)
  eden space 597504K, 100% used [0x00000000d5580000,0x00000000f9d00000,0x00000000f9d00000)
  from space 30208K, 74% used [0x00000000fcd80000,0x00000000fe389430,0x00000000feb00000)
  to   space 39936K, 0% used [0x00000000f9d00000,0x00000000f9d00000,0x00000000fc400000)
 ParOldGen       total 179712K, used 84816K [0x0000000080000000, 0x000000008af80000, 0x00000000d5580000)
  object space 179712K, 47% used [0x0000000080000000,0x00000000852d4038,0x000000008af80000)
 Metaspace       used 109599K, capacity 115406K, committed 115624K, reserved 1148928K
  class space    used 14022K, capacity 15098K, committed 15280K, reserved 1048576K
Event: 5501.986 GC heap after
Heap after GC invocations=33 (full 4):
 PSYoungGen      total 637440K, used 18520K [0x00000000d5580000, 0x0000000100000000, 0x0000000100000000)
  eden space 597504K, 0% used [0x00000000d5580000,0x00000000d5580000,0x00000000f9d00000)
  from space 39936K, 46% used [0x00000000f9d00000,0x00000000faf16108,0x00000000fc400000)
  to   space 38400K, 0% used [0x00000000fda80000,0x00000000fda80000,0x0000000100000000)
 ParOldGen       total 179712K, used 96902K [0x0000000080000000, 0x000000008af80000, 0x00000000d5580000)
  object space 179712K, 53% used [0x0000000080000000,0x0000000085ea1b78,0x000000008af80000)
 Metaspace       used 109599K, capacity 115406K, committed 115624K, reserved 1148928K
  class space    used 14022K, capacity 15098K, committed 15280K, reserved 1048576K
}
Event: 5505.787 GC heap before
{Heap before GC invocations=34 (full 4):
 PSYoungGen      total 637440K, used 616024K [0x00000000d5580000, 0x0000000100000000, 0x0000000100000000)
  eden space 597504K, 100% used [0x00000000d5580000,0x00000000f9d00000,0x00000000f9d00000)
  from space 39936K, 46% used [0x00000000f9d00000,0x00000000faf16108,0x00000000fc400000)
  to   space 38400K, 0% used [0x00000000fda80000,0x00000000fda80000,0x0000000100000000)
 ParOldGen       total 179712K, used 96902K [0x0000000080000000, 0x000000008af80000, 0x00000000d5580000)
  object space 179712K, 53% used [0x0000000080000000,0x0000000085ea1b78,0x000000008af80000)
 Metaspace       used 109665K, capacity 115434K, committed 115624K, reserved 1148928K
  class space    used 14026K, capacity 15102K, committed 15280K, reserved 1048576K
Event: 5505.847 GC heap after
Heap after GC invocations=34 (full 4):
 PSYoungGen      total 657408K, used 5624K [0x00000000d5580000, 0x00000000ffe80000, 0x0000000100000000)
  eden space 620544K, 0% used [0x00000000d5580000,0x00000000d5580000,0x00000000fb380000)
  from space 36864K, 15% used [0x00000000fda80000,0x00000000fdffe030,0x00000000ffe80000)
  to   space 38400K, 0% used [0x00000000fb380000,0x00000000fb380000,0x00000000fd900000)
 ParOldGen       total 179712K, used 110429K [0x0000000080000000, 0x000000008af80000, 0x00000000d5580000)
  object space 179712K, 61% used [0x0000000080000000,0x0000000086bd7408,0x000000008af80000)
 Metaspace       used 109665K, capacity 115434K, committed 115624K, reserved 1148928K
  class space    used 14026K, capacity 15102K, committed 15280K, reserved 1048576K
}
Event: 5510.214 GC heap before
{Heap before GC invocations=35 (full 4):
 PSYoungGen      total 657408K, used 626168K [0x00000000d5580000, 0x00000000ffe80000, 0x0000000100000000)
  eden space 620544K, 100% used [0x00000000d5580000,0x00000000fb380000,0x00000000fb380000)
  from space 36864K, 15% used [0x00000000fda80000,0x00000000fdffe030,0x00000000ffe80000)
  to   space 38400K, 0% used [0x00000000fb380000,0x00000000fb380000,0x00000000fd900000)
 ParOldGen       total 179712K, used 110429K [0x0000000080000000, 0x000000008af80000, 0x00000000d5580000)
  object space 179712K, 61% used [0x0000000080000000,0x0000000086bd7408,0x000000008af80000)
 Metaspace       used 109677K, capacity 115438K, committed 115624K, reserved 1148928K
  class space    used 14026K, capacity 15102K, committed 15280K, reserved 1048576K
Event: 5510.250 GC heap after
Heap after GC invocations=35 (full 4):
 PSYoungGen      total 658944K, used 5434K [0x00000000d5580000, 0x0000000100000000, 0x0000000100000000)
  eden space 620544K, 0% used [0x00000000d5580000,0x00000000d5580000,0x00000000fb380000)
  from space 38400K, 14% used [0x00000000fb380000,0x00000000fb8cebc0,0x00000000fd900000)
  to   space 37888K, 0% used [0x00000000fdb00000,0x00000000fdb00000,0x0000000100000000)
 ParOldGen       total 179712K, used 111962K [0x0000000080000000, 0x000000008af80000, 0x00000000d5580000)
  object space 179712K, 62% used [0x0000000080000000,0x0000000086d569f0,0x000000008af80000)
 Metaspace       used 109677K, capacity 115438K, committed 115624K, reserved 1148928K
  class space    used 14026K, capacity 15102K, committed 15280K, reserved 1048576K
}

